<?xml version="1.0" encoding="UTF-8"?>
<testng-results ignored="0" total="1" passed="1" failed="0" skipped="0">
  <reporter-output>
  </reporter-output>
  <suite started-at="2020-08-11T18:07:35 IST" name="Default suite" finished-at="2020-08-11T18:08:25 IST" duration-ms="50332">
    <groups>
    </groups>
    <test started-at="2020-08-11T18:07:35 IST" name="Default test" finished-at="2020-08-11T18:08:25 IST" duration-ms="50332">
      <class name="Test.Maintest">
        <test-method is-config="true" signature="SetDriver()[pri:0, instance:Test.Maintest@184cf7cf]" started-at="2020-08-11T18:07:35 IST" name="SetDriver" finished-at="2020-08-11T18:08:18 IST" duration-ms="43386" status="PASS">
          <reporter-output>
          </reporter-output>
        </test-method> <!-- SetDriver -->
        <test-method signature="verifyLogin()[pri:0, instance:Test.Maintest@184cf7cf]" started-at="2020-08-11T18:08:18 IST" name="verifyLogin" finished-at="2020-08-11T18:08:25 IST" duration-ms="6678" status="PASS">
          <reporter-output>
          </reporter-output>
        </test-method> <!-- verifyLogin -->
      </class> <!-- Test.Maintest -->
    </test> <!-- Default test -->
  </suite> <!-- Default suite -->
</testng-results>
